Using pre-set license
Built from '2022.3/staging' branch; Version is '2022.3.11f1 (d00248457e15) revision 13632072'; Using compiler version '192829333'; Build Type 'Release'
OS: 'Windows 10  (10.0.19045) 64bit CoreSingleLanguage' Language: 'es' Physical Memory: 8045 MB
BatchMode: 1, IsHumanControllingUs: 0, StartBugReporterOnCrash: 0, Is64bit: 1, IsPro: 1

COMMAND LINE ARGUMENTS:
C:\Program Files\Unity\Hub\Editor\2022.3.11f1\Editor\Unity.exe
-adb2
-batchMode
-noUpm
-name
AssetImportWorker0
-projectPath
C:/Users/narut/OneDrive/Escritorio/COSAS GITHUB/TheInside/PROYECTO DE COSAS UTILES
-logFile
Logs/AssetImportWorker0.log
-srvPort
55347
Successfully changed project path to: C:/Users/narut/OneDrive/Escritorio/COSAS GITHUB/TheInside/PROYECTO DE COSAS UTILES
C:/Users/narut/OneDrive/Escritorio/COSAS GITHUB/TheInside/PROYECTO DE COSAS UTILES
[UnityMemory] Configuration Parameters - Can be set up in boot.config
    "memorysetup-bucket-allocator-granularity=16"
    "memorysetup-bucket-allocator-bucket-count=8"
    "memorysetup-bucket-allocator-block-size=33554432"
    "memorysetup-bucket-allocator-block-count=8"
    "memorysetup-main-allocator-block-size=16777216"
    "memorysetup-thread-allocator-block-size=16777216"
    "memorysetup-gfx-main-allocator-block-size=16777216"
    "memorysetup-gfx-thread-allocator-block-size=16777216"
    "memorysetup-cache-allocator-block-size=4194304"
    "memorysetup-typetree-allocator-block-size=2097152"
    "memorysetup-profiler-bucket-allocator-granularity=16"
    "memorysetup-profiler-bucket-allocator-bucket-count=8"
    "memorysetup-profiler-bucket-allocator-block-size=33554432"
    "memorysetup-profiler-bucket-allocator-block-count=8"
    "memorysetup-profiler-allocator-block-size=16777216"
    "memorysetup-profiler-editor-allocator-block-size=1048576"
    "memorysetup-temp-allocator-size-main=16777216"
    "memorysetup-job-temp-allocator-block-size=2097152"
    "memorysetup-job-temp-allocator-block-size-background=1048576"
    "memorysetup-job-temp-allocator-reduction-small-platforms=262144"
    "memorysetup-allocator-temp-initial-block-size-main=262144"
    "memorysetup-allocator-temp-initial-block-size-worker=262144"
    "memorysetup-temp-allocator-size-background-worker=32768"
    "memorysetup-temp-allocator-size-job-worker=262144"
    "memorysetup-temp-allocator-size-preload-manager=33554432"
    "memorysetup-temp-allocator-size-nav-mesh-worker=65536"
    "memorysetup-temp-allocator-size-audio-worker=65536"
    "memorysetup-temp-allocator-size-cloud-worker=32768"
    "memorysetup-temp-allocator-size-gi-baking-worker=262144"
    "memorysetup-temp-allocator-size-gfx=262144"
Player connection [13184] Host "[IP] 192.168.0.73 [Port] 0 [Flags] 2 [Guid] 2135075568 [EditorId] 2135075568 [Version] 1048832 [Id] WindowsEditor(7,DESKTOP-003A0H1) [Debug] 1 [PackageName] WindowsEditor [ProjectName] Editor" joined multi-casting on [225.0.0.222:54997]...

Player connection [13184] Host "[IP] 192.168.0.73 [Port] 0 [Flags] 2 [Guid] 2135075568 [EditorId] 2135075568 [Version] 1048832 [Id] WindowsEditor(7,DESKTOP-003A0H1) [Debug] 1 [PackageName] WindowsEditor [ProjectName] Editor" joined alternative multi-casting on [225.0.0.222:34997]...

[Physics::Module] Initialized MultithreadedJobDispatcher with 3 workers.
Refreshing native plugins compatible for Editor in 83.92 ms, found 3 plugins.
Preloading 0 native plugins for Editor in 0.00 ms.
Initialize engine version: 2022.3.11f1 (d00248457e15)
[Subsystems] Discovering subsystems at path C:/Program Files/Unity/Hub/Editor/2022.3.11f1/Editor/Data/Resources/UnitySubsystems
[Subsystems] Discovering subsystems at path C:/Users/narut/OneDrive/Escritorio/COSAS GITHUB/TheInside/PROYECTO DE COSAS UTILES/Assets
GfxDevice: creating device client; threaded=0; jobified=0
Direct3D:
    Version:  Direct3D 11.0 [level 11.1]
    Renderer: Intel(R) HD Graphics 520 (ID=0x1916)
    Vendor:   Intel
    VRAM:     4022 MB
    Driver:   31.0.101.2111
Initialize mono
Mono path[0] = 'C:/Program Files/Unity/Hub/Editor/2022.3.11f1/Editor/Data/Managed'
Mono path[1] = 'C:/Program Files/Unity/Hub/Editor/2022.3.11f1/Editor/Data/MonoBleedingEdge/lib/mono/unityjit-win32'
Mono config path = 'C:/Program Files/Unity/Hub/Editor/2022.3.11f1/Editor/Data/MonoBleedingEdge/etc'
Using monoOptions --debugger-agent=transport=dt_socket,embedding=1,server=y,suspend=n,address=127.0.0.1:56704
Begin MonoManager ReloadAssembly
Registering precompiled unity dll's ...
Register platform support module: C:/Program Files/Unity/Hub/Editor/2022.3.11f1/Editor/Data/PlaybackEngines/WebGLSupport/UnityEditor.WebGL.Extensions.dll
Register platform support module: C:/Program Files/Unity/Hub/Editor/2022.3.11f1/Editor/Data/PlaybackEngines/WindowsStandaloneSupport/UnityEditor.WindowsStandalone.Extensions.dll
Registered in 0.136527 seconds.
- Loaded All Assemblies, in  1.500 seconds
Native extension for WindowsStandalone target not found
Native extension for WebGL target not found
Mono: successfully reloaded assembly
- Finished resetting the current domain, in  0.793 seconds
Domain Reload Profiling: 2283ms
	BeginReloadAssembly (483ms)
		ExecutionOrderSort (0ms)
		DisableScriptedObjects (0ms)
		BackupInstance (0ms)
		ReleaseScriptingObjects (0ms)
		CreateAndSetChildDomain (2ms)
	RebuildCommonClasses (128ms)
	RebuildNativeTypeToScriptingClass (102ms)
	initialDomainReloadingComplete (503ms)
	LoadAllAssembliesAndSetupDomain (272ms)
		LoadAssemblies (476ms)
		RebuildTransferFunctionScriptingTraits (0ms)
		AnalyzeDomain (266ms)
			TypeCache.Refresh (263ms)
				TypeCache.ScanAssembly (241ms)
			ScanForSourceGeneratedMonoScriptInfo (1ms)
			ResolveRequiredComponents (1ms)
	FinalizeReload (794ms)
		ReleaseScriptCaches (0ms)
		RebuildScriptCaches (0ms)
		SetupLoadedEditorAssemblies (643ms)
			LogAssemblyErrors (0ms)
			InitializePlatformSupportModulesInManaged (41ms)
			SetLoadedEditorAssemblies (16ms)
			RefreshPlugins (0ms)
			BeforeProcessingInitializeOnLoad (7ms)
			ProcessInitializeOnLoadAttributes (420ms)
			ProcessInitializeOnLoadMethodAttributes (158ms)
			AfterProcessingInitializeOnLoad (0ms)
			EditorAssembliesLoaded (0ms)
		ExecutionOrderSort2 (0ms)
		AwakeInstancesAfterBackupRestoration (0ms)
========================================================================
Worker process is ready to serve import requests
Begin MonoManager ReloadAssembly
- Loaded All Assemblies, in  7.860 seconds
Refreshing native plugins compatible for Editor in 17.91 ms, found 3 plugins.
Native extension for WindowsStandalone target not found
Native extension for WebGL target not found
Package Manager log level set to [2]
[Package Manager] Server::EnsureServerProcessIsRunning -- launch failed, reason: Unity was launched with the -noUpm command-line argument
[Package Manager] UpmClient::Send -- Unable to send message (not connected to UPM process).
[Package Manager] Cannot connect to Unity Package Manager local server
Mono: successfully reloaded assembly
- Finished resetting the current domain, in  5.716 seconds
Domain Reload Profiling: 13565ms
	BeginReloadAssembly (578ms)
		ExecutionOrderSort (0ms)
		DisableScriptedObjects (20ms)
		BackupInstance (0ms)
		ReleaseScriptingObjects (0ms)
		CreateAndSetChildDomain (56ms)
	RebuildCommonClasses (123ms)
	RebuildNativeTypeToScriptingClass (57ms)
	initialDomainReloadingComplete (151ms)
	LoadAllAssembliesAndSetupDomain (6935ms)
		LoadAssemblies (2283ms)
		RebuildTransferFunctionScriptingTraits (0ms)
		AnalyzeDomain (5008ms)
			TypeCache.Refresh (4678ms)
				TypeCache.ScanAssembly (4272ms)
			ScanForSourceGeneratedMonoScriptInfo (220ms)
			ResolveRequiredComponents (108ms)
	FinalizeReload (5721ms)
		ReleaseScriptCaches (0ms)
		RebuildScriptCaches (0ms)
		SetupLoadedEditorAssemblies (4855ms)
			LogAssemblyErrors (2ms)
			InitializePlatformSupportModulesInManaged (144ms)
			SetLoadedEditorAssemblies (38ms)
			RefreshPlugins (0ms)
			BeforeProcessingInitializeOnLoad (529ms)
			ProcessInitializeOnLoadAttributes (3701ms)
			ProcessInitializeOnLoadMethodAttributes (396ms)
			AfterProcessingInitializeOnLoad (44ms)
			EditorAssembliesLoaded (0ms)
		ExecutionOrderSort2 (0ms)
		AwakeInstancesAfterBackupRestoration (27ms)
Launched and connected shader compiler UnityShaderCompiler.exe after 0.32 seconds
Refreshing native plugins compatible for Editor in 29.75 ms, found 3 plugins.
Preloading 0 native plugins for Editor in 0.00 ms.
Unloading 4923 Unused Serialized files (Serialized files now loaded: 0)
Unloading 73 unused Assets / (0.7 MB). Loaded Objects now: 5372.
Memory consumption went from 200.1 MB to 199.4 MB.
Total: 32.682000 ms (FindLiveObjects: 2.967800 ms CreateObjectMapping: 0.797300 ms MarkObjects: 26.441500 ms  DeleteObjects: 2.472700 ms)

AssetImportParameters requested are different than current active one (requested -> active):
  custom:container-demuxer-ogg: 62fdf1f143b41e24485cea50d1cbac27 -> 
  custom:video-decoder-ogg-theora: a1e56fd34408186e4bbccfd4996cb3dc -> 
  custom:framework-win-MediaFoundation: 216162199b28c13a410421893ffa2e32 -> 
  custom:CustomObjectIndexerAttribute: a3ef5dd2817f97addfee359851a9dba5 -> 
  custom:container-demuxer-webm: 4f35f7cbe854078d1ac9338744f61a02 -> 
  custom:container-muxer-webm: aa71ff27fc2769a1b78a27578f13a17b -> 
  custom:video-decoder-webm-vp8: 9c59270c3fd7afecdb556c50c9e8de78 -> 
  custom:SearchIndexIgnoredProperties: e643bd26f0fe6173181afceb89e7c659 -> 
  custom:AudioImporter_EditorPlatform: d09bf68614088b80899f8185d706f6e7 -> 
  custom:video-encoder-webm-vp8: eb34c28f22e8b96e1ab97ce403110664 -> 
  custom:audio-decoder-ogg-vorbis: bf7c407c2cedff20999df2af8eb42d56 -> 
  custom:audio-encoder-webm-vorbis: bf7c407c2cedff20999df2af8eb42d56 -> 
========================================================================
Received Import Request.
  Time since last request: 14059.739791 seconds.
  path: Assets/Scenes/Vaso.unity
  artifactKey: Guid(4e1e604b969252b4394a74d2ca724025) Importer(815301076,1909f56bfc062723c751e8b465ee728b)
Start importing Assets/Scenes/Vaso.unity using Guid(4e1e604b969252b4394a74d2ca724025) Importer(815301076,1909f56bfc062723c751e8b465ee728b)  -> (artifact id: '16b58884cc341804ff94128f45e9916d') in 0.047196 seconds
Number of updated asset objects reloaded before import = 0
Number of asset objects unloaded after import = 0
========================================================================
Received Import Request.
  Time since last request: 41.319949 seconds.
  path: Assets/Modelos/Texturas/combvasomat_BC.png
  artifactKey: Guid(c594ec4dbe6c34c4cab3e0d4b40edba4) Importer(815301076,1909f56bfc062723c751e8b465ee728b)
Start importing Assets/Modelos/Texturas/combvasomat_BC.png using Guid(c594ec4dbe6c34c4cab3e0d4b40edba4) Importer(815301076,1909f56bfc062723c751e8b465ee728b)  -> (artifact id: '2fe2c5d10d2906fe0f19063e0b2ce186') in 0.190778 seconds
Number of updated asset objects reloaded before import = 0
Number of asset objects unloaded after import = 2
========================================================================
Received Import Request.
  Time since last request: 0.000059 seconds.
  path: Assets/Modelos/Texturas/combvasomat_NRM.png
  artifactKey: Guid(cc0308fed2371b243aeeb44c1bfa6d04) Importer(815301076,1909f56bfc062723c751e8b465ee728b)
Start importing Assets/Modelos/Texturas/combvasomat_NRM.png using Guid(cc0308fed2371b243aeeb44c1bfa6d04) Importer(815301076,1909f56bfc062723c751e8b465ee728b)  -> (artifact id: '0a37c0838d1a89cf9deefdcbd1cc100a') in 0.258115 seconds
Number of updated asset objects reloaded before import = 0
Number of asset objects unloaded after import = 2
========================================================================
Received Import Request.
  Time since last request: 0.000040 seconds.
  path: Assets/Modelos/Texturas/combvasomat_ORM.png
  artifactKey: Guid(0894f570af52c1549ba778214ce1ec12) Importer(815301076,1909f56bfc062723c751e8b465ee728b)
Start importing Assets/Modelos/Texturas/combvasomat_ORM.png using Guid(0894f570af52c1549ba778214ce1ec12) Importer(815301076,1909f56bfc062723c751e8b465ee728b)  -> (artifact id: '11f46ed82c11f43a695e4c22b71405cb') in 0.061743 seconds
Number of updated asset objects reloaded before import = 0
Number of asset objects unloaded after import = 2
========================================================================
Received Import Request.
  Time since last request: 36.126718 seconds.
  path: Assets/StarterAssets/ThirdPersonController/Character/Models/Armature.fbx
  artifactKey: Guid(36078ab0369161e49a29d349ae3e0739) Importer(815301076,1909f56bfc062723c751e8b465ee728b)
Start importing Assets/StarterAssets/ThirdPersonController/Character/Models/Armature.fbx using Guid(36078ab0369161e49a29d349ae3e0739) Importer(815301076,1909f56bfc062723c751e8b465ee728b)  -> (artifact id: '102f94b5f383447b4ec9a3ac26b1a4d8') in 1.453702 seconds
Number of updated asset objects reloaded before import = 0
Number of asset objects unloaded after import = 152
========================================================================
Received Import Request.
  Time since last request: 30.511487 seconds.
  path: Assets/Materiales/Master_Lit_ORM.shadergraph
  artifactKey: Guid(78a54525c9b2e3648893a6607f106324) Importer(815301076,1909f56bfc062723c751e8b465ee728b)
Start importing Assets/Materiales/Master_Lit_ORM.shadergraph using Guid(78a54525c9b2e3648893a6607f106324) Importer(815301076,1909f56bfc062723c751e8b465ee728b)  -> (artifact id: 'a9dc7ca81408a2c361bb6f5dd51b0369') in 4.305591 seconds
Number of updated asset objects reloaded before import = 0
Number of asset objects unloaded after import = 6
========================================================================
Received Import Request.
  Time since last request: 0.000050 seconds.
  path: Packages/com.unity.shadergraph/Editor/Resources/Styles/MasterPreviewView.uss
  artifactKey: Guid(a141d7b330b4c764ab25b2ba4ac38b2f) Importer(815301076,1909f56bfc062723c751e8b465ee728b)
Start importing Packages/com.unity.shadergraph/Editor/Resources/Styles/MasterPreviewView.uss using Guid(a141d7b330b4c764ab25b2ba4ac38b2f) Importer(815301076,1909f56bfc062723c751e8b465ee728b)  -> (artifact id: 'c0eb4da54850f4ab8474df94dc3f7485') in 0.025955 seconds
Number of updated asset objects reloaded before import = 0
Number of asset objects unloaded after import = 1
========================================================================
Received Import Request.
  Time since last request: 1187.124076 seconds.
  path: Assets/Materiales/NormalIntensity.shadersubgraph
  artifactKey: Guid(155dda50df28b4e408c1696dfb6d088d) Importer(815301076,1909f56bfc062723c751e8b465ee728b)
Start importing Assets/Materiales/NormalIntensity.shadersubgraph using Guid(155dda50df28b4e408c1696dfb6d088d) Importer(815301076,1909f56bfc062723c751e8b465ee728b)  -> (artifact id: 'ae356563f5a3df72109b6fbfb46d05c8') in 0.013163 seconds
Number of updated asset objects reloaded before import = 0
Number of asset objects unloaded after import = 1
========================================================================
Received Import Request.
  Time since last request: 0.000058 seconds.
  path: Assets/Materiales/TillingAndOffsetCustom.shadersubgraph
  artifactKey: Guid(ef9156f2c5ea00a46809505760d74ecd) Importer(815301076,1909f56bfc062723c751e8b465ee728b)
Start importing Assets/Materiales/TillingAndOffsetCustom.shadersubgraph using Guid(ef9156f2c5ea00a46809505760d74ecd) Importer(815301076,1909f56bfc062723c751e8b465ee728b)  -> (artifact id: '44e0f1b0d79aa31d83c2c48bcc919316') in 0.007898 seconds
Number of updated asset objects reloaded before import = 0
Number of asset objects unloaded after import = 1
