Using pre-set license
Built from '2022.3/staging' branch; Version is '2022.3.11f1 (d00248457e15) revision 13632072'; Using compiler version '192829333'; Build Type 'Release'
OS: 'Windows 10  (10.0.19045) 64bit CoreSingleLanguage' Language: 'es' Physical Memory: 8045 MB
BatchMode: 1, IsHumanControllingUs: 0, StartBugReporterOnCrash: 0, Is64bit: 1, IsPro: 1

COMMAND LINE ARGUMENTS:
C:\Program Files\Unity\Hub\Editor\2022.3.11f1\Editor\Unity.exe
-adb2
-batchMode
-noUpm
-name
AssetImportWorker0
-projectPath
C:/Users/narut/OneDrive/Escritorio/COSAS GITHUB/TheInside/PROYECTO DE COSAS UTILES
-logFile
Logs/AssetImportWorker0.log
-srvPort
55668
Successfully changed project path to: C:/Users/narut/OneDrive/Escritorio/COSAS GITHUB/TheInside/PROYECTO DE COSAS UTILES
C:/Users/narut/OneDrive/Escritorio/COSAS GITHUB/TheInside/PROYECTO DE COSAS UTILES
[UnityMemory] Configuration Parameters - Can be set up in boot.config
    "memorysetup-bucket-allocator-granularity=16"
    "memorysetup-bucket-allocator-bucket-count=8"
    "memorysetup-bucket-allocator-block-size=33554432"
    "memorysetup-bucket-allocator-block-count=8"
    "memorysetup-main-allocator-block-size=16777216"
    "memorysetup-thread-allocator-block-size=16777216"
    "memorysetup-gfx-main-allocator-block-size=16777216"
    "memorysetup-gfx-thread-allocator-block-size=16777216"
    "memorysetup-cache-allocator-block-size=4194304"
    "memorysetup-typetree-allocator-block-size=2097152"
    "memorysetup-profiler-bucket-allocator-granularity=16"
    "memorysetup-profiler-bucket-allocator-bucket-count=8"
    "memorysetup-profiler-bucket-allocator-block-size=33554432"
    "memorysetup-profiler-bucket-allocator-block-count=8"
    "memorysetup-profiler-allocator-block-size=16777216"
    "memorysetup-profiler-editor-allocator-block-size=1048576"
    "memorysetup-temp-allocator-size-main=16777216"
    "memorysetup-job-temp-allocator-block-size=2097152"
    "memorysetup-job-temp-allocator-block-size-background=1048576"
    "memorysetup-job-temp-allocator-reduction-small-platforms=262144"
    "memorysetup-allocator-temp-initial-block-size-main=262144"
    "memorysetup-allocator-temp-initial-block-size-worker=262144"
    "memorysetup-temp-allocator-size-background-worker=32768"
    "memorysetup-temp-allocator-size-job-worker=262144"
    "memorysetup-temp-allocator-size-preload-manager=33554432"
    "memorysetup-temp-allocator-size-nav-mesh-worker=65536"
    "memorysetup-temp-allocator-size-audio-worker=65536"
    "memorysetup-temp-allocator-size-cloud-worker=32768"
    "memorysetup-temp-allocator-size-gi-baking-worker=262144"
    "memorysetup-temp-allocator-size-gfx=262144"
Player connection [2516] Host "[IP] 192.168.0.73 [Port] 0 [Flags] 2 [Guid] 987950146 [EditorId] 987950146 [Version] 1048832 [Id] WindowsEditor(7,DESKTOP-003A0H1) [Debug] 1 [PackageName] WindowsEditor [ProjectName] Editor" joined multi-casting on [225.0.0.222:54997]...

Player connection [2516] Host "[IP] 192.168.0.73 [Port] 0 [Flags] 2 [Guid] 987950146 [EditorId] 987950146 [Version] 1048832 [Id] WindowsEditor(7,DESKTOP-003A0H1) [Debug] 1 [PackageName] WindowsEditor [ProjectName] Editor" joined alternative multi-casting on [225.0.0.222:34997]...

[Physics::Module] Initialized MultithreadedJobDispatcher with 3 workers.
Refreshing native plugins compatible for Editor in 52.95 ms, found 3 plugins.
Preloading 0 native plugins for Editor in 0.00 ms.
Initialize engine version: 2022.3.11f1 (d00248457e15)
[Subsystems] Discovering subsystems at path C:/Program Files/Unity/Hub/Editor/2022.3.11f1/Editor/Data/Resources/UnitySubsystems
[Subsystems] Discovering subsystems at path C:/Users/narut/OneDrive/Escritorio/COSAS GITHUB/TheInside/PROYECTO DE COSAS UTILES/Assets
GfxDevice: creating device client; threaded=0; jobified=0
Direct3D:
    Version:  Direct3D 11.0 [level 11.1]
    Renderer: Intel(R) HD Graphics 520 (ID=0x1916)
    Vendor:   Intel
    VRAM:     4022 MB
    Driver:   31.0.101.2111
Initialize mono
Mono path[0] = 'C:/Program Files/Unity/Hub/Editor/2022.3.11f1/Editor/Data/Managed'
Mono path[1] = 'C:/Program Files/Unity/Hub/Editor/2022.3.11f1/Editor/Data/MonoBleedingEdge/lib/mono/unityjit-win32'
Mono config path = 'C:/Program Files/Unity/Hub/Editor/2022.3.11f1/Editor/Data/MonoBleedingEdge/etc'
Using monoOptions --debugger-agent=transport=dt_socket,embedding=1,server=y,suspend=n,address=127.0.0.1:56428
Begin MonoManager ReloadAssembly
Registering precompiled unity dll's ...
Register platform support module: C:/Program Files/Unity/Hub/Editor/2022.3.11f1/Editor/Data/PlaybackEngines/WebGLSupport/UnityEditor.WebGL.Extensions.dll
Register platform support module: C:/Program Files/Unity/Hub/Editor/2022.3.11f1/Editor/Data/PlaybackEngines/WindowsStandaloneSupport/UnityEditor.WindowsStandalone.Extensions.dll
Registered in 0.055714 seconds.
- Loaded All Assemblies, in  1.047 seconds
Native extension for WindowsStandalone target not found
Native extension for WebGL target not found
Mono: successfully reloaded assembly
- Finished resetting the current domain, in  0.834 seconds
Domain Reload Profiling: 1872ms
	BeginReloadAssembly (279ms)
		ExecutionOrderSort (0ms)
		DisableScriptedObjects (0ms)
		BackupInstance (0ms)
		ReleaseScriptingObjects (0ms)
		CreateAndSetChildDomain (2ms)
	RebuildCommonClasses (57ms)
	RebuildNativeTypeToScriptingClass (20ms)
	initialDomainReloadingComplete (205ms)
	LoadAllAssembliesAndSetupDomain (476ms)
		LoadAssemblies (267ms)
		RebuildTransferFunctionScriptingTraits (0ms)
		AnalyzeDomain (471ms)
			TypeCache.Refresh (467ms)
				TypeCache.ScanAssembly (426ms)
			ScanForSourceGeneratedMonoScriptInfo (1ms)
			ResolveRequiredComponents (1ms)
	FinalizeReload (835ms)
		ReleaseScriptCaches (0ms)
		RebuildScriptCaches (0ms)
		SetupLoadedEditorAssemblies (638ms)
			LogAssemblyErrors (0ms)
			InitializePlatformSupportModulesInManaged (37ms)
			SetLoadedEditorAssemblies (16ms)
			RefreshPlugins (0ms)
			BeforeProcessingInitializeOnLoad (6ms)
			ProcessInitializeOnLoadAttributes (432ms)
			ProcessInitializeOnLoadMethodAttributes (146ms)
			AfterProcessingInitializeOnLoad (0ms)
			EditorAssembliesLoaded (0ms)
		ExecutionOrderSort2 (0ms)
		AwakeInstancesAfterBackupRestoration (0ms)
========================================================================
Worker process is ready to serve import requests
Begin MonoManager ReloadAssembly
- Loaded All Assemblies, in  2.110 seconds
Refreshing native plugins compatible for Editor in 10.12 ms, found 3 plugins.
Native extension for WindowsStandalone target not found
Native extension for WebGL target not found
Package Manager log level set to [2]
[Package Manager] Server::EnsureServerProcessIsRunning -- launch failed, reason: Unity was launched with the -noUpm command-line argument
[Package Manager] UpmClient::Send -- Unable to send message (not connected to UPM process).
[Package Manager] Cannot connect to Unity Package Manager local server
Mono: successfully reloaded assembly
- Finished resetting the current domain, in  2.385 seconds
Domain Reload Profiling: 4495ms
	BeginReloadAssembly (242ms)
		ExecutionOrderSort (0ms)
		DisableScriptedObjects (7ms)
		BackupInstance (0ms)
		ReleaseScriptingObjects (0ms)
		CreateAndSetChildDomain (32ms)
	RebuildCommonClasses (54ms)
	RebuildNativeTypeToScriptingClass (19ms)
	initialDomainReloadingComplete (76ms)
	LoadAllAssembliesAndSetupDomain (1712ms)
		LoadAssemblies (1140ms)
		RebuildTransferFunctionScriptingTraits (0ms)
		AnalyzeDomain (709ms)
			TypeCache.Refresh (600ms)
				TypeCache.ScanAssembly (419ms)
			ScanForSourceGeneratedMonoScriptInfo (76ms)
			ResolveRequiredComponents (31ms)
	FinalizeReload (2391ms)
		ReleaseScriptCaches (0ms)
		RebuildScriptCaches (0ms)
		SetupLoadedEditorAssemblies (1891ms)
			LogAssemblyErrors (0ms)
			InitializePlatformSupportModulesInManaged (20ms)
			SetLoadedEditorAssemblies (7ms)
			RefreshPlugins (0ms)
			BeforeProcessingInitializeOnLoad (244ms)
			ProcessInitializeOnLoadAttributes (1273ms)
			ProcessInitializeOnLoadMethodAttributes (319ms)
			AfterProcessingInitializeOnLoad (25ms)
			EditorAssembliesLoaded (3ms)
		ExecutionOrderSort2 (0ms)
		AwakeInstancesAfterBackupRestoration (50ms)
Launched and connected shader compiler UnityShaderCompiler.exe after 0.10 seconds
Refreshing native plugins compatible for Editor in 15.42 ms, found 3 plugins.
Preloading 0 native plugins for Editor in 0.00 ms.
Unloading 4924 Unused Serialized files (Serialized files now loaded: 0)
Unloading 73 unused Assets / (0.7 MB). Loaded Objects now: 5373.
Memory consumption went from 200.7 MB to 200.0 MB.
Total: 124.662400 ms (FindLiveObjects: 1.976700 ms CreateObjectMapping: 3.670800 ms MarkObjects: 87.875900 ms  DeleteObjects: 31.090100 ms)

AssetImportParameters requested are different than current active one (requested -> active):
  custom:container-demuxer-ogg: 62fdf1f143b41e24485cea50d1cbac27 -> 
  custom:video-decoder-ogg-theora: a1e56fd34408186e4bbccfd4996cb3dc -> 
  custom:framework-win-MediaFoundation: 216162199b28c13a410421893ffa2e32 -> 
  custom:container-demuxer-webm: 4f35f7cbe854078d1ac9338744f61a02 -> 
  custom:container-muxer-webm: aa71ff27fc2769a1b78a27578f13a17b -> 
  custom:video-decoder-webm-vp8: 9c59270c3fd7afecdb556c50c9e8de78 -> 
  custom:AudioImporter_EditorPlatform: d09bf68614088b80899f8185d706f6e7 -> 
  custom:video-encoder-webm-vp8: eb34c28f22e8b96e1ab97ce403110664 -> 
  custom:audio-decoder-ogg-vorbis: bf7c407c2cedff20999df2af8eb42d56 -> 
  custom:audio-encoder-webm-vorbis: bf7c407c2cedff20999df2af8eb42d56 -> 
========================================================================
Received Import Request.
  Time since last request: 18475.845936 seconds.
  path: Assets/Materiales
  artifactKey: Guid(f50ef88818c5f3b4288370ad9949aa5d) Importer(815301076,1909f56bfc062723c751e8b465ee728b)
Start importing Assets/Materiales using Guid(f50ef88818c5f3b4288370ad9949aa5d) Importer(815301076,1909f56bfc062723c751e8b465ee728b)  -> (artifact id: 'ea1da420541947b19964e46c505ca417') in 0.082321 seconds
Number of updated asset objects reloaded before import = 0
Number of asset objects unloaded after import = 0
========================================================================
Received Import Request.
  Time since last request: 0.000338 seconds.
  path: Assets/Materiales/Master_Lit_ORM.shadergraph
  artifactKey: Guid(78a54525c9b2e3648893a6607f106324) Importer(815301076,1909f56bfc062723c751e8b465ee728b)
Start importing Assets/Materiales/Master_Lit_ORM.shadergraph using Guid(78a54525c9b2e3648893a6607f106324) Importer(815301076,1909f56bfc062723c751e8b465ee728b)  -> (artifact id: 'fd08753824aefadab594a820c3968380') in 7.269908 seconds
Number of updated asset objects reloaded before import = 0
Number of asset objects unloaded after import = 6
========================================================================
Received Import Request.
  Time since last request: 0.000290 seconds.
  path: Assets/Pebbles/clean_pebbles_nor_gl_2k.exr
  artifactKey: Guid(5442073487365e649940e049f50ee24c) Importer(815301076,1909f56bfc062723c751e8b465ee728b)
Start importing Assets/Pebbles/clean_pebbles_nor_gl_2k.exr using Guid(5442073487365e649940e049f50ee24c) Importer(815301076,1909f56bfc062723c751e8b465ee728b)  -> (artifact id: '8a45960605b481e88ac48e9a934d969b') in 0.173842 seconds
Number of updated asset objects reloaded before import = 0
Number of asset objects unloaded after import = 2
========================================================================
Received Import Request.
  Time since last request: 0.000099 seconds.
  path: Assets/Pebbles/clean_pebbles_diff_2k.jpg
  artifactKey: Guid(6fd2ffc9347b0ec4db1d37fbe5dcd4cc) Importer(815301076,1909f56bfc062723c751e8b465ee728b)
Start importing Assets/Pebbles/clean_pebbles_diff_2k.jpg using Guid(6fd2ffc9347b0ec4db1d37fbe5dcd4cc) Importer(815301076,1909f56bfc062723c751e8b465ee728b)  -> (artifact id: '17670ea760721a2203231e68b58777f3') in 0.066314 seconds
Number of updated asset objects reloaded before import = 0
Number of asset objects unloaded after import = 2
========================================================================
Received Prepare
Refreshing native plugins compatible for Editor in 13.84 ms, found 3 plugins.
Preloading 0 native plugins for Editor in 0.00 ms.
Unloading 10 Unused Serialized files (Serialized files now loaded: 0)
Unloading 10 unused Assets / (0.7 MB). Loaded Objects now: 5511.
Memory consumption went from 107.6 MB to 107.0 MB.
Total: 51.752300 ms (FindLiveObjects: 1.101300 ms CreateObjectMapping: 0.914900 ms MarkObjects: 49.194200 ms  DeleteObjects: 0.529400 ms)

Prepare: number of updated asset objects reloaded= 0
AssetImportParameters requested are different than current active one (requested -> active):
  custom:container-demuxer-ogg: 62fdf1f143b41e24485cea50d1cbac27 -> 
  custom:video-decoder-ogg-theora: a1e56fd34408186e4bbccfd4996cb3dc -> 
  custom:framework-win-MediaFoundation: 216162199b28c13a410421893ffa2e32 -> 
  custom:CustomObjectIndexerAttribute: a3ef5dd2817f97addfee359851a9dba5 -> 
  custom:container-demuxer-webm: 4f35f7cbe854078d1ac9338744f61a02 -> 
  custom:container-muxer-webm: aa71ff27fc2769a1b78a27578f13a17b -> 
  custom:video-decoder-webm-vp8: 9c59270c3fd7afecdb556c50c9e8de78 -> 
  custom:SearchIndexIgnoredProperties: e643bd26f0fe6173181afceb89e7c659 -> 
  custom:AudioImporter_EditorPlatform: d09bf68614088b80899f8185d706f6e7 -> 
  custom:video-encoder-webm-vp8: eb34c28f22e8b96e1ab97ce403110664 -> 
  custom:audio-decoder-ogg-vorbis: bf7c407c2cedff20999df2af8eb42d56 -> 
  custom:audio-encoder-webm-vorbis: bf7c407c2cedff20999df2af8eb42d56 -> 
========================================================================
Received Import Request.
  Time since last request: 1.460838 seconds.
  path: Assets/Materiales/Basura.mat
  artifactKey: Guid(9c9fb03194749334e8cdd7600e984770) Importer(815301076,1909f56bfc062723c751e8b465ee728b)
Start importing Assets/Materiales/Basura.mat using Guid(9c9fb03194749334e8cdd7600e984770) Importer(815301076,1909f56bfc062723c751e8b465ee728b)  -> (artifact id: 'ef4f2572c013fd76ee844c11ae2809af') in 0.054742 seconds
Number of updated asset objects reloaded before import = 0
Number of asset objects unloaded after import = 5
========================================================================
Received Import Request.
  Time since last request: 1.917647 seconds.
  path: Assets/Modelos
  artifactKey: Guid(722c9aa1d351cf04b9fad8cfcb92bfe9) Importer(815301076,1909f56bfc062723c751e8b465ee728b)
Start importing Assets/Modelos using Guid(722c9aa1d351cf04b9fad8cfcb92bfe9) Importer(815301076,1909f56bfc062723c751e8b465ee728b)  -> (artifact id: '020f8b4d154a1695c495de70ade958d0') in 0.001263 seconds
Number of updated asset objects reloaded before import = 0
Number of asset objects unloaded after import = 0
========================================================================
Received Import Request.
  Time since last request: 0.071526 seconds.
  path: Assets/Modelos/Vaso_Mat.mat
  artifactKey: Guid(16af411541cd1814e833462a782273a9) Importer(815301076,1909f56bfc062723c751e8b465ee728b)
Start importing Assets/Modelos/Vaso_Mat.mat using Guid(16af411541cd1814e833462a782273a9) Importer(815301076,1909f56bfc062723c751e8b465ee728b)  -> (artifact id: '2a046f566ef34f4c7affeef7784c811f') in 0.065672 seconds
Number of updated asset objects reloaded before import = 0
Number of asset objects unloaded after import = 5
========================================================================
Received Import Request.
  Time since last request: 0.000056 seconds.
  path: Assets/Modelos/VasoLow.fbx
  artifactKey: Guid(ca98ff798cca01d47be925bb4ba43a69) Importer(815301076,1909f56bfc062723c751e8b465ee728b)
Start importing Assets/Modelos/VasoLow.fbx using Guid(ca98ff798cca01d47be925bb4ba43a69) Importer(815301076,1909f56bfc062723c751e8b465ee728b)  -> (artifact id: '00833c36daa358d8f725200503c8aac7') in 0.199659 seconds
Number of updated asset objects reloaded before import = 0
Number of asset objects unloaded after import = 12
========================================================================
Received Import Request.
  Time since last request: 15.979781 seconds.
  path: Assets/Modelos/Basura_low+UV+LightMap.fbx
  artifactKey: Guid(0f719d8e2fcca9640852de675263ae42) Importer(815301076,1909f56bfc062723c751e8b465ee728b)
Start importing Assets/Modelos/Basura_low+UV+LightMap.fbx using Guid(0f719d8e2fcca9640852de675263ae42) Importer(815301076,1909f56bfc062723c751e8b465ee728b)  -> (artifact id: '4fa53027dfb1673a17ca79184bf6abf4') in 0.061194 seconds
Number of updated asset objects reloaded before import = 0
Number of asset objects unloaded after import = 9
========================================================================
Received Import Request.
  Time since last request: 13.247203 seconds.
  path: Assets/Modelos/Texturas
  artifactKey: Guid(6c79ea50f36e9224cbcaa00439759a85) Importer(815301076,1909f56bfc062723c751e8b465ee728b)
Start importing Assets/Modelos/Texturas using Guid(6c79ea50f36e9224cbcaa00439759a85) Importer(815301076,1909f56bfc062723c751e8b465ee728b)  -> (artifact id: '94580318bad93c7b16485e0e8d998650') in 0.001030 seconds
Number of updated asset objects reloaded before import = 0
Number of asset objects unloaded after import = 0
========================================================================
Received Import Request.
  Time since last request: 15.126943 seconds.
  path: Assets/Modelos/Texturas/bolsa_NRM.png
  artifactKey: Guid(057cebce49ab84941a174cc7d29a0d36) Importer(815301076,1909f56bfc062723c751e8b465ee728b)
Start importing Assets/Modelos/Texturas/bolsa_NRM.png using Guid(057cebce49ab84941a174cc7d29a0d36) Importer(815301076,1909f56bfc062723c751e8b465ee728b)  -> (artifact id: '0975c316f9a2c53aeb9608d05c656844') in 0.450206 seconds
Number of updated asset objects reloaded before import = 0
Number of asset objects unloaded after import = 2
========================================================================
Received Import Request.
  Time since last request: 6.646427 seconds.
  path: Assets/Modelos/Texturas/bolsa_ORM.png
  artifactKey: Guid(9a5c466643401e643acdfeccc1d31122) Importer(815301076,1909f56bfc062723c751e8b465ee728b)
Start importing Assets/Modelos/Texturas/bolsa_ORM.png using Guid(9a5c466643401e643acdfeccc1d31122) Importer(815301076,1909f56bfc062723c751e8b465ee728b)  -> (artifact id: 'b574a3130fc75770dfd226c6e22c883d') in 0.079681 seconds
Number of updated asset objects reloaded before import = 0
Number of asset objects unloaded after import = 2
========================================================================
Received Import Request.
  Time since last request: 6.659150 seconds.
  path: Assets/Modelos/Texturas/bolsa_BC.png
  artifactKey: Guid(255bdefbdae837242954a5bbc2a7a934) Importer(815301076,1909f56bfc062723c751e8b465ee728b)
Start importing Assets/Modelos/Texturas/bolsa_BC.png using Guid(255bdefbdae837242954a5bbc2a7a934) Importer(815301076,1909f56bfc062723c751e8b465ee728b)  -> (artifact id: '1a1cf31a0dc863ff8baa47b7ba350dc0') in 0.066594 seconds
Number of updated asset objects reloaded before import = 0
Number of asset objects unloaded after import = 2
========================================================================
Received Import Request.
  Time since last request: 77.949477 seconds.
  path: Assets/Modelos/Texturas/bolsa_NRM.png
  artifactKey: Guid(057cebce49ab84941a174cc7d29a0d36) Importer(815301076,1909f56bfc062723c751e8b465ee728b)
Start importing Assets/Modelos/Texturas/bolsa_NRM.png using Guid(057cebce49ab84941a174cc7d29a0d36) Importer(815301076,1909f56bfc062723c751e8b465ee728b)  -> (artifact id: '89ad1070d133c3dad3e752271a3b4f6b') in 0.075013 seconds
Number of updated asset objects reloaded before import = 0
Number of asset objects unloaded after import = 2
